# JRE version: Java(TM) SE Runtime Environment (8.0_152-b16) (build 1.8.0_152-b16)
# Java VM: Java HotSpot(TM) 64-Bit Server VM (25.152-b16 mixed mode windows-amd64 compressed oops)
Heap:
 PSYoungGen      total 146944K, used 39124K [0x00000000f5580000, 0x0000000100000000, 0x0000000100000000)
  eden space 120832K, 29% used [0x00000000f5580000,0x00000000f7886280,0x00000000fcb80000)
  from space 26112K, 12% used [0x00000000fcb80000,0x00000000fceaed90,0x00000000fe500000)
  to   space 26624K, 0% used [0x00000000fe600000,0x00000000fe600000,0x0000000100000000)
 ParOldGen       total 316416K, used 266835K [0x00000000e0000000, 0x00000000f3500000, 0x00000000f5580000)
  object space 316416K, 84% used [0x00000000e0000000,0x00000000f0494d68,0x00000000f3500000)
 Metaspace       used 106597K, capacity 113940K, committed 114176K, reserved 1148928K
  class space    used 13896K, capacity 15533K, committed 15616K, reserved 1048576K
GC Heap History (10 events):
Event: 301.709 GC heap before
{Heap before GC invocations=45 (full 4):
 PSYoungGen      total 141824K, used 129867K [0x00000000f5580000, 0x00000000ffd00000, 0x0000000100000000)
  eden space 115200K, 100% used [0x00000000f5580000,0x00000000fc600000,0x00000000fc600000)
  from space 26624K, 55% used [0x00000000fe300000,0x00000000ff152d18,0x00000000ffd00000)
  to   space 28160K, 0% used [0x00000000fc600000,0x00000000fc600000,0x00000000fe180000)
 ParOldGen       total 316416K, used 232728K [0x00000000e0000000, 0x00000000f3500000, 0x00000000f5580000)
  object space 316416K, 73% used [0x00000000e0000000,0x00000000ee3461d0,0x00000000f3500000)
 Metaspace       used 105499K, capacity 112716K, committed 112768K, reserved 1146880K
  class space    used 13827K, capacity 15459K, committed 15488K, reserved 1048576K
Event: 301.726 GC heap after
Heap after GC invocations=45 (full 4):
 PSYoungGen      total 143360K, used 7937K [0x00000000f5580000, 0x0000000100000000, 0x0000000100000000)
  eden space 115200K, 0% used [0x00000000f5580000,0x00000000f5580000,0x00000000fc600000)
  from space 28160K, 28% used [0x00000000fc600000,0x00000000fcdc0430,0x00000000fe180000)
  to   space 27648K, 0% used [0x00000000fe500000,0x00000000fe500000,0x0000000100000000)
 ParOldGen       total 316416K, used 240622K [0x00000000e0000000, 0x00000000f3500000, 0x00000000f5580000)
  object space 316416K, 76% used [0x00000000e0000000,0x00000000eeafb830,0x00000000f3500000)
 Metaspace       used 105499K, capacity 112716K, committed 112768K, reserved 1146880K
  class space    used 13827K, capacity 15459K, committed 15488K, reserved 1048576K
}
Event: 302.927 GC heap before
{Heap before GC invocations=46 (full 4):
 PSYoungGen      total 143360K, used 123137K [0x00000000f5580000, 0x0000000100000000, 0x0000000100000000)
  eden space 115200K, 100% used [0x00000000f5580000,0x00000000fc600000,0x00000000fc600000)
  from space 28160K, 28% used [0x00000000fc600000,0x00000000fcdc0430,0x00000000fe180000)
  to   space 27648K, 0% used [0x00000000fe500000,0x00000000fe500000,0x0000000100000000)
 ParOldGen       total 316416K, used 240622K [0x00000000e0000000, 0x00000000f3500000, 0x00000000f5580000)
  object space 316416K, 76% used [0x00000000e0000000,0x00000000eeafb830,0x00000000f3500000)
 Metaspace       used 105848K, capacity 113122K, committed 113408K, reserved 1146880K
  class space    used 13844K, capacity 15494K, committed 15616K, reserved 1048576K
Event: 302.958 GC heap after
Heap after GC invocations=46 (full 4):
 PSYoungGen      total 144896K, used 9129K [0x00000000f5580000, 0x00000000ffe80000, 0x0000000100000000)
  eden space 118784K, 0% used [0x00000000f5580000,0x00000000f5580000,0x00000000fc980000)
  from space 26112K, 34% used [0x00000000fe500000,0x00000000fedea6b0,0x00000000ffe80000)
  to   space 27136K, 0% used [0x00000000fc980000,0x00000000fc980000,0x00000000fe400000)
 ParOldGen       total 316416K, used 246789K [0x00000000e0000000, 0x00000000f3500000, 0x00000000f5580000)
  object space 316416K, 77% used [0x00000000e0000000,0x00000000ef101608,0x00000000f3500000)
 Metaspace       used 105848K, capacity 113122K, committed 113408K, reserved 1146880K
  class space    used 13844K, capacity 15494K, committed 15616K, reserved 1048576K
}
Event: 304.476 GC heap before
{Heap before GC invocations=47 (full 4):
 PSYoungGen      total 144896K, used 127913K [0x00000000f5580000, 0x00000000ffe80000, 0x0000000100000000)
  eden space 118784K, 100% used [0x00000000f5580000,0x00000000fc980000,0x00000000fc980000)
  from space 26112K, 34% used [0x00000000fe500000,0x00000000fedea6b0,0x00000000ffe80000)
  to   space 27136K, 0% used [0x00000000fc980000,0x00000000fc980000,0x00000000fe400000)
 ParOldGen       total 316416K, used 246789K [0x00000000e0000000, 0x00000000f3500000, 0x00000000f5580000)
  object space 316416K, 77% used [0x00000000e0000000,0x00000000ef101608,0x00000000f3500000)
 Metaspace       used 106331K, capacity 113648K, committed 113920K, reserved 1146880K
  class space    used 13890K, capacity 15531K, committed 15616K, reserved 1048576K
Event: 304.530 GC heap after
Heap after GC invocations=47 (full 4):
 PSYoungGen      total 145920K, used 8881K [0x00000000f5580000, 0x0000000100000000, 0x0000000100000000)
  eden space 118784K, 0% used [0x00000000f5580000,0x00000000f5580000,0x00000000fc980000)
  from space 27136K, 32% used [0x00000000fc980000,0x00000000fd22c4a8,0x00000000fe400000)
  to   space 26624K, 0% used [0x00000000fe600000,0x00000000fe600000,0x0000000100000000)
 ParOldGen       total 316416K, used 253819K [0x00000000e0000000, 0x00000000f3500000, 0x00000000f5580000)
  object space 316416K, 80% used [0x00000000e0000000,0x00000000ef7dee20,0x00000000f3500000)
 Metaspace       used 106331K, capacity 113648K, committed 113920K, reserved 1146880K
  class space    used 13890K, capacity 15531K, committed 15616K, reserved 1048576K
}
Event: 305.523 GC heap before
{Heap before GC invocations=48 (full 4):
 PSYoungGen      total 145920K, used 127665K [0x00000000f5580000, 0x0000000100000000, 0x0000000100000000)
  eden space 118784K, 100% used [0x00000000f5580000,0x00000000fc980000,0x00000000fc980000)
  from space 27136K, 32% used [0x00000000fc980000,0x00000000fd22c4a8,0x00000000fe400000)
  to   space 26624K, 0% used [0x00000000fe600000,0x00000000fe600000,0x0000000100000000)
 ParOldGen       total 316416K, used 253819K [0x00000000e0000000, 0x00000000f3500000, 0x00000000f5580000)
  object space 316416K, 80% used [0x00000000e0000000,0x00000000ef7dee20,0x00000000f3500000)
 Metaspace       used 106479K, capacity 113812K, committed 113920K, reserved 1146880K
  class space    used 13896K, capacity 15533K, committed 15616K, reserved 1048576K
Event: 305.566 GC heap after
Heap after GC invocations=48 (full 4):
 PSYoungGen      total 145920K, used 8654K [0x00000000f5580000, 0x00000000ffe80000, 0x0000000100000000)
  eden space 120832K, 0% used [0x00000000f5580000,0x00000000f5580000,0x00000000fcb80000)
  from space 25088K, 34% used [0x00000000fe600000,0x00000000fee73950,0x00000000ffe80000)
  to   space 26112K, 0% used [0x00000000fcb80000,0x00000000fcb80000,0x00000000fe500000)
 ParOldGen       total 316416K, used 259968K [0x00000000e0000000, 0x00000000f3500000, 0x00000000f5580000)
  object space 316416K, 82% used [0x00000000e0000000,0x00000000efde0150,0x00000000f3500000)
 Metaspace       used 106479K, capacity 113812K, committed 113920K, reserved 1146880K
  class space    used 13896K, capacity 15533K, committed 15616K, reserved 1048576K
}
Event: 306.451 GC heap before
{Heap before GC invocations=49 (full 4):
 PSYoungGen      total 145920K, used 129486K [0x00000000f5580000, 0x00000000ffe80000, 0x0000000100000000)
  eden space 120832K, 100% used [0x00000000f5580000,0x00000000fcb80000,0x00000000fcb80000)
  from space 25088K, 34% used [0x00000000fe600000,0x00000000fee73950,0x00000000ffe80000)
  to   space 26112K, 0% used [0x00000000fcb80000,0x00000000fcb80000,0x00000000fe500000)
 ParOldGen       total 316416K, used 259968K [0x00000000e0000000, 0x00000000f3500000, 0x00000000f5580000)
  object space 316416K, 82% used [0x00000000e0000000,0x00000000efde0150,0x00000000f3500000)
 Metaspace       used 106564K, capacity 113876K, committed 114176K, reserved 1148928K
  class space    used 13896K, capacity 15533K, committed 15616K, reserved 1048576K
Event: 306.482 GC heap after
Heap after GC invocations=49 (full 4):
 PSYoungGen      total 146944K, used 3259K [0x00000000f5580000, 0x0000000100000000, 0x0000000100000000)
  eden space 120832K, 0% used [0x00000000f5580000,0x00000000f5580000,0x00000000fcb80000)
  from space 26112K, 12% used [0x00000000fcb80000,0x00000000fceaed90,0x00000000fe500000)
  to   space 26624K, 0% used [0x00000000fe600000,0x00000000fe600000,0x0000000100000000)
 ParOldGen       total 316416K, used 266835K [0x00000000e0000000, 0x00000000f3500000, 0x00000000f5580000)
  object space 316416K, 84% used [0x00000000e0000000,0x00000000f0494d68,0x00000000f3500000)
 Metaspace       used 106564K, capacity 113876K, committed 114176K, reserved 1148928K
  class space    used 13896K, capacity 15533K, committed 15616K, reserved 1048576K
}

