# JRE version: Java(TM) SE Runtime Environment (8.0_152-b16) (build 1.8.0_152-b16)
# Java VM: Java HotSpot(TM) 64-Bit Server VM (25.152-b16 mixed mode windows-amd64 compressed oops)
Heap:
 PSYoungGen      total 116736K, used 116731K [0x00000000f5580000, 0x0000000100000000, 0x0000000100000000)
  eden space 58880K, 100% used [0x00000000f5580000,0x00000000f8f00000,0x00000000f8f00000)
  from space 57856K, 99% used [0x00000000fc780000,0x00000000ffffedc8,0x0000000100000000)
  to   space 57856K, 99% used [0x00000000f8f00000,0x00000000fc77f798,0x00000000fc780000)
 ParOldGen       total 349696K, used 211117K [0x00000000e0000000, 0x00000000f5580000, 0x00000000f5580000)
  object space 349696K, 60% used [0x00000000e0000000,0x00000000ece2d6f0,0x00000000f5580000)
 Metaspace       used 104040K, capacity 111274K, committed 111616K, reserved 1144832K
  class space    used 13592K, capacity 15269K, committed 15360K, reserved 1048576K
GC Heap History (10 events):
Event: 168.747 GC heap before
{Heap before GC invocations=69 (full 17):
 PSYoungGen      total 101376K, used 58880K [0x00000000f5580000, 0x0000000100000000, 0x0000000100000000)
  eden space 58880K, 100% used [0x00000000f5580000,0x00000000f8f00000,0x00000000f8f00000)
  from space 42496K, 0% used [0x00000000fd680000,0x00000000fd680000,0x0000000100000000)
  to   space 57856K, 0% used [0x00000000f8f00000,0x00000000f8f00000,0x00000000fc780000)
 ParOldGen       total 182784K, used 182373K [0x00000000e0000000, 0x00000000eb280000, 0x00000000f5580000)
  object space 182784K, 99% used [0x00000000e0000000,0x00000000eb219610,0x00000000eb280000)
 Metaspace       used 104002K, capacity 111274K, committed 111616K, reserved 1144832K
  class space    used 13591K, capacity 15269K, committed 15360K, reserved 1048576K
Event: 169.164 GC heap after
Heap after GC invocations=69 (full 17):
 PSYoungGen      total 101376K, used 31085K [0x00000000f5580000, 0x0000000100000000, 0x0000000100000000)
  eden space 58880K, 52% used [0x00000000f5580000,0x00000000f73db678,0x00000000f8f00000)
  from space 42496K, 0% used [0x00000000fd680000,0x00000000fd680000,0x0000000100000000)
  to   space 57856K, 0% used [0x00000000f8f00000,0x00000000f8f00000,0x00000000fc780000)
 ParOldGen       total 349696K, used 182561K [0x00000000e0000000, 0x00000000f5580000, 0x00000000f5580000)
  object space 349696K, 52% used [0x00000000e0000000,0x00000000eb248668,0x00000000f5580000)
 Metaspace       used 104002K, capacity 111274K, committed 111616K, reserved 1144832K
  class space    used 13591K, capacity 15269K, committed 15360K, reserved 1048576K
}
Event: 169.225 GC heap before
{Heap before GC invocations=70 (full 17):
 PSYoungGen      total 101376K, used 58880K [0x00000000f5580000, 0x0000000100000000, 0x0000000100000000)
  eden space 58880K, 100% used [0x00000000f5580000,0x00000000f8f00000,0x00000000f8f00000)
  from space 42496K, 0% used [0x00000000fd680000,0x00000000fd680000,0x0000000100000000)
  to   space 57856K, 0% used [0x00000000f8f00000,0x00000000f8f00000,0x00000000fc780000)
 ParOldGen       total 349696K, used 182561K [0x00000000e0000000, 0x00000000f5580000, 0x00000000f5580000)
  object space 349696K, 52% used [0x00000000e0000000,0x00000000eb248668,0x00000000f5580000)
 Metaspace       used 104004K, capacity 111274K, committed 111616K, reserved 1144832K
  class space    used 13591K, capacity 15269K, committed 15360K, reserved 1048576K
Event: 169.296 GC heap after
Heap after GC invocations=70 (full 17):
 PSYoungGen      total 116736K, used 38395K [0x00000000f5580000, 0x0000000100000000, 0x0000000100000000)
  eden space 58880K, 0% used [0x00000000f5580000,0x00000000f5580000,0x00000000f8f00000)
  from space 57856K, 66% used [0x00000000f8f00000,0x00000000fb47ef78,0x00000000fc780000)
  to   space 57856K, 0% used [0x00000000fc780000,0x00000000fc780000,0x0000000100000000)
 ParOldGen       total 349696K, used 182569K [0x00000000e0000000, 0x00000000f5580000, 0x00000000f5580000)
  object space 349696K, 52% used [0x00000000e0000000,0x00000000eb24a668,0x00000000f5580000)
 Metaspace       used 104004K, capacity 111274K, committed 111616K, reserved 1144832K
  class space    used 13591K, capacity 15269K, committed 15360K, reserved 1048576K
}
Event: 169.463 GC heap before
{Heap before GC invocations=71 (full 17):
 PSYoungGen      total 116736K, used 97275K [0x00000000f5580000, 0x0000000100000000, 0x0000000100000000)
  eden space 58880K, 100% used [0x00000000f5580000,0x00000000f8f00000,0x00000000f8f00000)
  from space 57856K, 66% used [0x00000000f8f00000,0x00000000fb47ef78,0x00000000fc780000)
  to   space 57856K, 0% used [0x00000000fc780000,0x00000000fc780000,0x0000000100000000)
 ParOldGen       total 349696K, used 182569K [0x00000000e0000000, 0x00000000f5580000, 0x00000000f5580000)
  object space 349696K, 52% used [0x00000000e0000000,0x00000000eb24a668,0x00000000f5580000)
 Metaspace       used 104020K, capacity 111274K, committed 111616K, reserved 1144832K
  class space    used 13591K, capacity 15269K, committed 15360K, reserved 1048576K
Event: 169.506 GC heap after
Heap after GC invocations=71 (full 17):
 PSYoungGen      total 116736K, used 51354K [0x00000000f5580000, 0x0000000100000000, 0x0000000100000000)
  eden space 58880K, 0% used [0x00000000f5580000,0x00000000f5580000,0x00000000f8f00000)
  from space 57856K, 88% used [0x00000000fc780000,0x00000000ff9a6a18,0x0000000100000000)
  to   space 57856K, 0% used [0x00000000f8f00000,0x00000000f8f00000,0x00000000fc780000)
 ParOldGen       total 349696K, used 182577K [0x00000000e0000000, 0x00000000f5580000, 0x00000000f5580000)
  object space 349696K, 52% used [0x00000000e0000000,0x00000000eb24c668,0x00000000f5580000)
 Metaspace       used 104020K, capacity 111274K, committed 111616K, reserved 1144832K
  class space    used 13591K, capacity 15269K, committed 15360K, reserved 1048576K
}
Event: 169.594 GC heap before
{Heap before GC invocations=72 (full 17):
 PSYoungGen      total 116736K, used 110234K [0x00000000f5580000, 0x0000000100000000, 0x0000000100000000)
  eden space 58880K, 100% used [0x00000000f5580000,0x00000000f8f00000,0x00000000f8f00000)
  from space 57856K, 88% used [0x00000000fc780000,0x00000000ff9a6a18,0x0000000100000000)
  to   space 57856K, 0% used [0x00000000f8f00000,0x00000000f8f00000,0x00000000fc780000)
 ParOldGen       total 349696K, used 182577K [0x00000000e0000000, 0x00000000f5580000, 0x00000000f5580000)
  object space 349696K, 52% used [0x00000000e0000000,0x00000000eb24c668,0x00000000f5580000)
 Metaspace       used 104022K, capacity 111274K, committed 111616K, reserved 1144832K
  class space    used 13591K, capacity 15269K, committed 15360K, reserved 1048576K
Event: 169.652 GC heap after
Heap after GC invocations=72 (full 17):
 PSYoungGen      total 116736K, used 57827K [0x00000000f5580000, 0x0000000100000000, 0x0000000100000000)
  eden space 58880K, 0% used [0x00000000f5580000,0x00000000f5580000,0x00000000f8f00000)
  from space 57856K, 99% used [0x00000000f8f00000,0x00000000fc778ec0,0x00000000fc780000)
  to   space 57856K, 0% used [0x00000000fc780000,0x00000000fc780000,0x0000000100000000)
 ParOldGen       total 349696K, used 189949K [0x00000000e0000000, 0x00000000f5580000, 0x00000000f5580000)
  object space 349696K, 54% used [0x00000000e0000000,0x00000000eb97f4a8,0x00000000f5580000)
 Metaspace       used 104022K, capacity 111274K, committed 111616K, reserved 1144832K
  class space    used 13591K, capacity 15269K, committed 15360K, reserved 1048576K
}
Event: 169.814 GC heap before
{Heap before GC invocations=73 (full 17):
 PSYoungGen      total 116736K, used 116707K [0x00000000f5580000, 0x0000000100000000, 0x0000000100000000)
  eden space 58880K, 100% used [0x00000000f5580000,0x00000000f8f00000,0x00000000f8f00000)
  from space 57856K, 99% used [0x00000000f8f00000,0x00000000fc778ec0,0x00000000fc780000)
  to   space 57856K, 0% used [0x00000000fc780000,0x00000000fc780000,0x0000000100000000)
 ParOldGen       total 349696K, used 189949K [0x00000000e0000000, 0x00000000f5580000, 0x00000000f5580000)
  object space 349696K, 54% used [0x00000000e0000000,0x00000000eb97f4a8,0x00000000f5580000)
 Metaspace       used 104030K, capacity 111274K, committed 111616K, reserved 1144832K
  class space    used 13591K, capacity 15269K, committed 15360K, reserved 1048576K
Event: 169.895 GC heap after
Heap after GC invocations=73 (full 17):
 PSYoungGen      total 116736K, used 57851K [0x00000000f5580000, 0x0000000100000000, 0x0000000100000000)
  eden space 58880K, 0% used [0x00000000f5580000,0x00000000f5580000,0x00000000f8f00000)
  from space 57856K, 99% used [0x00000000fc780000,0x00000000ffffedc8,0x0000000100000000)
  to   space 57856K, 0% used [0x00000000f8f00000,0x00000000f8f00000,0x00000000fc780000)
 ParOldGen       total 349696K, used 202039K [0x00000000e0000000, 0x00000000f5580000, 0x00000000f5580000)
  object space 349696K, 57% used [0x00000000e0000000,0x00000000ec54de60,0x00000000f5580000)
 Metaspace       used 104030K, capacity 111274K, committed 111616K, reserved 1144832K
  class space    used 13591K, capacity 15269K, committed 15360K, reserved 1048576K
}

